Determining if the pthread_create exist failed with the following output:
Change Dir: /home/vagneron/torch/build/CMakeFiles/CMakeTmp

Run Build Command:/usr/bin/make "cmTryCompileExec720683279/fast"
/usr/bin/make -f CMakeFiles/cmTryCompileExec720683279.dir/build.make CMakeFiles/cmTryCompileExec720683279.dir/build
make[1]: Entering directory `/home/vagneron/torch/build/CMakeFiles/CMakeTmp'
/usr/bin/cmake -E cmake_progress_report /home/vagneron/torch/build/CMakeFiles/CMakeTmp/CMakeFiles 1
Building C object CMakeFiles/cmTryCompileExec720683279.dir/CheckSymbolExists.c.o
/usr/bin/cc    -o CMakeFiles/cmTryCompileExec720683279.dir/CheckSymbolExists.c.o   -c /home/vagneron/torch/build/CMakeFiles/CMakeTmp/CheckSymbolExists.c
Linking C executable cmTryCompileExec720683279
/usr/bin/cmake -E cmake_link_script CMakeFiles/cmTryCompileExec720683279.dir/link.txt --verbose=1
/usr/bin/cc       CMakeFiles/cmTryCompileExec720683279.dir/CheckSymbolExists.c.o  -o cmTryCompileExec720683279 -rdynamic -ldl 
CMakeFiles/cmTryCompileExec720683279.dir/CheckSymbolExists.c.o: In function `main':
CheckSymbolExists.c:(.text+0x16): undefined reference to `pthread_create'
collect2: error: ld returned 1 exit status
make[1]: *** [cmTryCompileExec720683279] Error 1
make[1]: Leaving directory `/home/vagneron/torch/build/CMakeFiles/CMakeTmp'
make: *** [cmTryCompileExec720683279/fast] Error 2

File /home/vagneron/torch/build/CMakeFiles/CMakeTmp/CheckSymbolExists.c:
/* */
#include <pthread.h>

int main(int argc, char** argv)
{
  (void)argv;
#ifndef pthread_create
  return ((int*)(&pthread_create))[argc];
#else
  (void)argc;
  return 0;
#endif
}

Determining if the function pthread_create exists in the pthreads failed with the following output:
Change Dir: /home/vagneron/torch/build/CMakeFiles/CMakeTmp

Run Build Command:/usr/bin/make "cmTryCompileExec3552008160/fast"
/usr/bin/make -f CMakeFiles/cmTryCompileExec3552008160.dir/build.make CMakeFiles/cmTryCompileExec3552008160.dir/build
make[1]: Entering directory `/home/vagneron/torch/build/CMakeFiles/CMakeTmp'
/usr/bin/cmake -E cmake_progress_report /home/vagneron/torch/build/CMakeFiles/CMakeTmp/CMakeFiles 1
Building C object CMakeFiles/cmTryCompileExec3552008160.dir/CheckFunctionExists.c.o
/usr/bin/cc   -DCHECK_FUNCTION_EXISTS=pthread_create   -o CMakeFiles/cmTryCompileExec3552008160.dir/CheckFunctionExists.c.o   -c /usr/share/cmake-2.8/Modules/CheckFunctionExists.c
Linking C executable cmTryCompileExec3552008160
/usr/bin/cmake -E cmake_link_script CMakeFiles/cmTryCompileExec3552008160.dir/link.txt --verbose=1
/usr/bin/cc   -DCHECK_FUNCTION_EXISTS=pthread_create    CMakeFiles/cmTryCompileExec3552008160.dir/CheckFunctionExists.c.o  -o cmTryCompileExec3552008160 -rdynamic -lpthreads -ldl 
/usr/bin/ld: cannot find -lpthreads
collect2: error: ld returned 1 exit status
make[1]: *** [cmTryCompileExec3552008160] Error 1
make[1]: Leaving directory `/home/vagneron/torch/build/CMakeFiles/CMakeTmp'
make: *** [cmTryCompileExec3552008160/fast] Error 2


Performing C SOURCE FILE Test LJ_DUALNUM_1 failed with the following output:
Change Dir: /home/vagneron/torch/build/CMakeFiles/CMakeTmp

Run Build Command:/usr/bin/make "cmTryCompileExec3762591533/fast"
/usr/bin/make -f CMakeFiles/cmTryCompileExec3762591533.dir/build.make CMakeFiles/cmTryCompileExec3762591533.dir/build
make[1]: Entering directory `/home/vagneron/torch/build/CMakeFiles/CMakeTmp'
/usr/bin/cmake -E cmake_progress_report /home/vagneron/torch/build/CMakeFiles/CMakeTmp/CMakeFiles 1
Building C object CMakeFiles/cmTryCompileExec3762591533.dir/src.c.o
/usr/bin/cc   -DLJ_DUALNUM_1 -I/home/vagneron/torch/build/exe/luajit-rocks/luajit-2.1 -I/home/vagneron/torch/exe/luajit-rocks/luajit-2.1/src    -o CMakeFiles/cmTryCompileExec3762591533.dir/src.c.o   -c /home/vagneron/torch/build/CMakeFiles/CMakeTmp/src.c
/home/vagneron/torch/build/CMakeFiles/CMakeTmp/src.c:7:2: error: #error "not defined"
 #error "not defined"
  ^
make[1]: *** [CMakeFiles/cmTryCompileExec3762591533.dir/src.c.o] Error 1
make[1]: Leaving directory `/home/vagneron/torch/build/CMakeFiles/CMakeTmp'
make: *** [cmTryCompileExec3762591533/fast] Error 2

Source file was:

#undef LJ_DUALNUM
#include "lj_arch.h"
#if LJ_DUALNUM == 1
int main() { return 0; }
#else
#error "not defined"
#endif

Performing C SOURCE FILE Test LJ_ABI_SOFTFP_1 failed with the following output:
Change Dir: /home/vagneron/torch/build/CMakeFiles/CMakeTmp

Run Build Command:/usr/bin/make "cmTryCompileExec2076138798/fast"
/usr/bin/make -f CMakeFiles/cmTryCompileExec2076138798.dir/build.make CMakeFiles/cmTryCompileExec2076138798.dir/build
make[1]: Entering directory `/home/vagneron/torch/build/CMakeFiles/CMakeTmp'
/usr/bin/cmake -E cmake_progress_report /home/vagneron/torch/build/CMakeFiles/CMakeTmp/CMakeFiles 1
Building C object CMakeFiles/cmTryCompileExec2076138798.dir/src.c.o
/usr/bin/cc   -DLJ_ABI_SOFTFP_1 -I/home/vagneron/torch/build/exe/luajit-rocks/luajit-2.1 -I/home/vagneron/torch/exe/luajit-rocks/luajit-2.1/src    -o CMakeFiles/cmTryCompileExec2076138798.dir/src.c.o   -c /home/vagneron/torch/build/CMakeFiles/CMakeTmp/src.c
/home/vagneron/torch/build/CMakeFiles/CMakeTmp/src.c:7:2: error: #error "not defined"
 #error "not defined"
  ^
make[1]: *** [CMakeFiles/cmTryCompileExec2076138798.dir/src.c.o] Error 1
make[1]: Leaving directory `/home/vagneron/torch/build/CMakeFiles/CMakeTmp'
make: *** [cmTryCompileExec2076138798/fast] Error 2

Source file was:

#undef LJ_ABI_SOFTFP
#include "lj_arch.h"
#if LJ_ABI_SOFTFP == 1
int main() { return 0; }
#else
#error "not defined"
#endif

